2020-05-31 16:10:05,498 [信息] 
2020-05-31 16:10:05,499 [信息] 
2020-05-31 16:10:05,499 [信息] 
2020-05-31 16:10:05,499 [信息] 
2020-05-31 16:10:05,499 [信息] ===============================================================
2020-05-31 16:10:05,500 [信息] =  [E2EE免费版] 2.7.1.1 
2020-05-31 16:10:05,500 [信息] =    绑定IP: *
2020-05-31 16:10:05,500 [信息] =    绑定端口: 80
2020-05-31 16:10:05,500 [信息] ===============================================================
2020-05-31 16:10:05,500 [信息] [服务器] 初始化
2020-05-31 16:10:05,501 [信息] [Session系统] 正在初始化Session系统
2020-05-31 16:10:05,501 [信息] [Session系统] 初始化内存文件存储系统：[内存最大尺寸] 64 MB
2020-05-31 16:10:05,501 [信息] [Session系统] Session系统初始化完成
2020-05-31 16:10:05,501 [信息] [网站防火墙] 未开启防火墙
2020-05-31 16:10:05,502 [信息] [验证器] 无默认验证器配置文件
2020-05-31 16:10:05,502 [信息] [模板] 初始化模板引擎
2020-05-31 16:10:05,502 [信息] [模板] 扫描加载模板目录
2020-05-31 16:10:05,561 [信息] [模板] 加载状态模板
2020-05-31 16:10:05,561 [信息] [模板] [状态模板] 加载状态模板[300][内置]: [模板目录]/300.esp
2020-05-31 16:10:05,562 [信息] [模板] [状态模板] 加载状态模板[301][内置]: [模板目录]/301.esp
2020-05-31 16:10:05,563 [信息] [模板] [状态模板] 加载状态模板[302][内置]: [模板目录]/302.esp
2020-05-31 16:10:05,563 [信息] [模板] [状态模板] 加载状态模板[304][内置]: [模板目录]/304.esp
2020-05-31 16:10:05,564 [信息] [模板] [状态模板] 加载状态模板[400][内置]: [模板目录]/400.esp
2020-05-31 16:10:05,564 [信息] [模板] [状态模板] 加载状态模板[401][内置]: [模板目录]/401.esp
2020-05-31 16:10:05,566 [信息] [模板] [状态模板] 加载状态模板[403][内置]: [模板目录]/403.esp
2020-05-31 16:10:05,566 [信息] [模板] [状态模板] 加载状态模板[404][内置]: [模板目录]/404.html
2020-05-31 16:10:05,567 [信息] [模板] [状态模板] 加载状态模板[405][内置]: [模板目录]/405.esp
2020-05-31 16:10:05,567 [信息] [模板] [状态模板] 加载状态模板[406][内置]: [模板目录]/406.esp
2020-05-31 16:10:05,568 [信息] [模板] [状态模板] 加载状态模板[407][内置]: [模板目录]/407.esp
2020-05-31 16:10:05,569 [信息] [模板] [状态模板] 加载状态模板[408][内置]: [模板目录]/408.esp
2020-05-31 16:10:05,570 [信息] [模板] [状态模板] 加载状态模板[409][内置]: [模板目录]/409.esp
2020-05-31 16:10:05,570 [信息] [模板] [状态模板] 加载状态模板[410][内置]: [模板目录]/410.esp
2020-05-31 16:10:05,571 [信息] [模板] [状态模板] 加载状态模板[411][内置]: [模板目录]/411.esp
2020-05-31 16:10:05,572 [信息] [模板] [状态模板] 加载状态模板[412][内置]: [模板目录]/412.esp
2020-05-31 16:10:05,572 [信息] [模板] [状态模板] 加载状态模板[413][内置]: [模板目录]/413.esp
2020-05-31 16:10:05,573 [信息] [模板] [状态模板] 加载状态模板[414][内置]: [模板目录]/414.esp
2020-05-31 16:10:05,574 [信息] [模板] [状态模板] 加载状态模板[415][内置]: [模板目录]/415.esp
2020-05-31 16:10:05,574 [信息] [模板] [状态模板] 加载状态模板[416][内置]: [模板目录]/416.esp
2020-05-31 16:10:05,575 [信息] [模板] [状态模板] 加载状态模板[417][内置]: [模板目录]/417.esp
2020-05-31 16:10:05,576 [信息] [模板] [状态模板] 加载状态模板[500][内置]: [模板目录]/500.esp
2020-05-31 16:10:05,576 [信息] [模板] [状态模板] 加载状态模板[501][内置]: [模板目录]/501.esp
2020-05-31 16:10:05,577 [信息] [模板] [状态模板] 加载状态模板[502][内置]: [模板目录]/502.esp
2020-05-31 16:10:05,578 [信息] [模板] [状态模板] 加载状态模板[503][内置]: [模板目录]/503.esp
2020-05-31 16:10:05,578 [信息] [模板] [状态模板] 加载状态模板[504][内置]: [模板目录]/504.esp
2020-05-31 16:10:05,579 [信息] [模板] [状态模板] 加载状态模板[505][内置]: [模板目录]/505.esp
2020-05-31 16:10:05,579 [信息] [模板] 模板引擎初始化完毕
2020-05-31 16:10:05,579 [信息] [动态模块] 开始加载动态模块
2020-05-31 16:10:05,580 [信息] [动态模块] 完成加载(无配置文件 - [模块]/模块映射.json)
2020-05-31 16:10:05,580 [信息] [模块] 开始加载下级模块
2020-05-31 16:10:05,580 [信息] [模块] 完成下级模块加载
2020-05-31 16:10:05,580 [信息] [远程服务] 开始初始化
2020-05-31 16:10:05,580 [信息] [远程服务] 初始化完成
2020-05-31 16:10:05,581 [信息] [WebService] 未启用
2020-05-31 16:10:05,581 [信息] [模板函数] 同步模板函数
2020-05-31 16:10:05,581 [信息] [模板函数] 函数同步完成
2020-05-31 16:10:05,581 [信息] [模块] 开始加载视图
2020-05-31 16:10:05,581 [信息] [视图] /post
2020-05-31 16:10:05,581 [信息] [模块] 完成视图加载
2020-05-31 16:10:05,581 [信息] [缓存] 加载动态模板页缓存
2020-05-31 16:10:05,581 [信息] [缓存] 无动态模板页缓存设置
2020-05-31 16:10:05,584 [信息] [缓存] [动态缓存] 缓存文件不存在
2020-05-31 16:10:05,584 [信息] [缓存] 加载服务器静态缓存设置 [时间] 3秒 [尺寸]131072
2020-05-31 16:10:05,585 [信息] [缓存] 静态缓存初始化成功
2020-05-31 16:10:05,585 [信息] [缓存] 加载服务器缓存动态设置
2020-05-31 16:10:05,585 [信息] [模块] 执行模块初始化函数
2020-05-31 16:10:05,585 [信息] [模块] 执行模块初始化完成函数
2020-05-31 16:10:05,585 [信息] [服务器] 正在初始化请求资源
2020-05-31 16:10:05,585 [信息] [服务器] 正在绑定地址端口
2020-05-31 16:10:05,592 [信息] [服务器] 开始监听端口内容
2020-05-31 16:10:05,592 [信息] [服务器] 开始接收用户连接
2020-05-31 16:10:05,593 [信息] [服务器] 服务器启动成功(企业版可通过【E2EE控制中心】配置线程数)
2020-05-31 16:10:05,594 [信息]     [连接数] 20
2020-05-31 16:10:05,594 [信息]     [模板数] 40
2020-05-31 16:10:05,594 [信息]     [线程数] 2
2020-05-31 18:04:25,897 [信息] 
2020-05-31 18:04:25,898 [信息] 
2020-05-31 18:04:25,898 [信息] 
2020-05-31 18:04:25,898 [信息] 
2020-05-31 18:04:25,898 [信息] ===============================================================
2020-05-31 18:04:25,898 [信息] =  [E2EE免费版] 2.7.1.1 
2020-05-31 18:04:25,898 [信息] =    绑定IP: *
2020-05-31 18:04:25,899 [信息] =    绑定端口: 80
2020-05-31 18:04:25,899 [信息] ===============================================================
2020-05-31 18:04:25,899 [信息] [服务器] 初始化
2020-05-31 18:04:25,899 [信息] [Session系统] 正在初始化Session系统
2020-05-31 18:04:25,899 [信息] [Session系统] 初始化内存文件存储系统：[内存最大尺寸] 64 MB
2020-05-31 18:04:25,899 [信息] [Session系统] Session系统初始化完成
2020-05-31 18:04:25,899 [信息] [网站防火墙] 未开启防火墙
2020-05-31 18:04:25,900 [信息] [验证器] 无默认验证器配置文件
2020-05-31 18:04:25,900 [信息] [模板] 初始化模板引擎
2020-05-31 18:04:25,900 [信息] [模板] 扫描加载模板目录
2020-05-31 18:04:25,963 [信息] [模板] 加载状态模板
2020-05-31 18:04:25,963 [信息] [模板] [状态模板] 加载状态模板[300][内置]: [模板目录]/300.esp
2020-05-31 18:04:25,964 [信息] [模板] [状态模板] 加载状态模板[301][内置]: [模板目录]/301.esp
2020-05-31 18:04:25,964 [信息] [模板] [状态模板] 加载状态模板[302][内置]: [模板目录]/302.esp
2020-05-31 18:04:25,965 [信息] [模板] [状态模板] 加载状态模板[304][内置]: [模板目录]/304.esp
2020-05-31 18:04:25,965 [信息] [模板] [状态模板] 加载状态模板[400][内置]: [模板目录]/400.esp
2020-05-31 18:04:25,966 [信息] [模板] [状态模板] 加载状态模板[401][内置]: [模板目录]/401.esp
2020-05-31 18:04:25,967 [信息] [模板] [状态模板] 加载状态模板[403][内置]: [模板目录]/403.esp
2020-05-31 18:04:25,967 [信息] [模板] [状态模板] 加载状态模板[404][内置]: [模板目录]/404.html
2020-05-31 18:04:25,968 [信息] [模板] [状态模板] 加载状态模板[405][内置]: [模板目录]/405.esp
2020-05-31 18:04:25,968 [信息] [模板] [状态模板] 加载状态模板[406][内置]: [模板目录]/406.esp
2020-05-31 18:04:25,969 [信息] [模板] [状态模板] 加载状态模板[407][内置]: [模板目录]/407.esp
2020-05-31 18:04:25,970 [信息] [模板] [状态模板] 加载状态模板[408][内置]: [模板目录]/408.esp
2020-05-31 18:04:25,970 [信息] [模板] [状态模板] 加载状态模板[409][内置]: [模板目录]/409.esp
2020-05-31 18:04:25,971 [信息] [模板] [状态模板] 加载状态模板[410][内置]: [模板目录]/410.esp
2020-05-31 18:04:25,972 [信息] [模板] [状态模板] 加载状态模板[411][内置]: [模板目录]/411.esp
2020-05-31 18:04:25,973 [信息] [模板] [状态模板] 加载状态模板[412][内置]: [模板目录]/412.esp
2020-05-31 18:04:25,973 [信息] [模板] [状态模板] 加载状态模板[413][内置]: [模板目录]/413.esp
2020-05-31 18:04:25,974 [信息] [模板] [状态模板] 加载状态模板[414][内置]: [模板目录]/414.esp
2020-05-31 18:04:25,974 [信息] [模板] [状态模板] 加载状态模板[415][内置]: [模板目录]/415.esp
2020-05-31 18:04:25,975 [信息] [模板] [状态模板] 加载状态模板[416][内置]: [模板目录]/416.esp
2020-05-31 18:04:25,976 [信息] [模板] [状态模板] 加载状态模板[417][内置]: [模板目录]/417.esp
2020-05-31 18:04:25,977 [信息] [模板] [状态模板] 加载状态模板[500][内置]: [模板目录]/500.esp
2020-05-31 18:04:25,978 [信息] [模板] [状态模板] 加载状态模板[501][内置]: [模板目录]/501.esp
2020-05-31 18:04:25,979 [信息] [模板] [状态模板] 加载状态模板[502][内置]: [模板目录]/502.esp
2020-05-31 18:04:25,979 [信息] [模板] [状态模板] 加载状态模板[503][内置]: [模板目录]/503.esp
2020-05-31 18:04:25,980 [信息] [模板] [状态模板] 加载状态模板[504][内置]: [模板目录]/504.esp
2020-05-31 18:04:25,980 [信息] [模板] [状态模板] 加载状态模板[505][内置]: [模板目录]/505.esp
2020-05-31 18:04:25,981 [信息] [模板] 模板引擎初始化完毕
2020-05-31 18:04:25,981 [信息] [动态模块] 开始加载动态模块
2020-05-31 18:04:25,981 [信息] [动态模块] 完成加载(无配置文件 - [模块]/模块映射.json)
2020-05-31 18:04:25,981 [信息] [模块] 开始加载下级模块
2020-05-31 18:04:25,981 [信息] [模块] 完成下级模块加载
2020-05-31 18:04:25,981 [信息] [远程服务] 开始初始化
2020-05-31 18:04:25,982 [信息] [远程服务] 初始化完成
2020-05-31 18:04:25,982 [信息] [WebService] 未启用
2020-05-31 18:04:25,982 [信息] [模板函数] 同步模板函数
2020-05-31 18:04:25,982 [信息] [模板函数] 函数同步完成
2020-05-31 18:04:25,982 [信息] [模块] 开始加载视图
2020-05-31 18:04:25,982 [信息] [视图] /post
2020-05-31 18:04:25,982 [信息] [模块] 完成视图加载
2020-05-31 18:04:25,983 [信息] [缓存] 加载动态模板页缓存
2020-05-31 18:04:25,983 [信息] [缓存] 无动态模板页缓存设置
2020-05-31 18:04:25,984 [信息] [缓存] [动态缓存] 读取缓存配置成功
2020-05-31 18:04:25,985 [信息] [缓存] 加载服务器静态缓存设置 [时间] 3秒 [尺寸]131072
2020-05-31 18:04:25,985 [信息] [缓存] 静态缓存初始化成功
2020-05-31 18:04:25,985 [信息] [缓存] 加载服务器缓存动态设置
2020-05-31 18:04:25,985 [信息] [模块] 执行模块初始化函数
2020-05-31 18:04:25,985 [信息] [模块] 执行模块初始化完成函数
2020-05-31 18:04:25,985 [信息] [服务器] 正在初始化请求资源
2020-05-31 18:04:25,985 [信息] [服务器] 正在绑定地址端口
2020-05-31 18:04:25,994 [信息] [服务器] 开始监听端口内容
2020-05-31 18:04:25,994 [信息] [服务器] 开始接收用户连接
2020-05-31 18:04:25,995 [信息] [服务器] 服务器启动成功(企业版可通过【E2EE控制中心】配置线程数)
2020-05-31 18:04:25,995 [信息]     [连接数] 20
2020-05-31 18:04:25,995 [信息]     [模板数] 40
2020-05-31 18:04:25,995 [信息]     [线程数] 2
2020-05-31 21:14:37,188 [信息] 
2020-05-31 21:14:37,188 [信息] 
2020-05-31 21:14:37,189 [信息] 
2020-05-31 21:14:37,189 [信息] 
2020-05-31 21:14:37,189 [信息] ===============================================================
2020-05-31 21:14:37,189 [信息] =  [E2EE免费版] 2.7.1.1 
2020-05-31 21:14:37,189 [信息] =    绑定IP: *
2020-05-31 21:14:37,189 [信息] =    绑定端口: 80
2020-05-31 21:14:37,189 [信息] ===============================================================
2020-05-31 21:14:37,190 [信息] [服务器] 初始化
2020-05-31 21:14:37,190 [信息] [Session系统] 正在初始化Session系统
2020-05-31 21:14:37,190 [信息] [Session系统] 初始化内存文件存储系统：[内存最大尺寸] 64 MB
2020-05-31 21:14:37,190 [信息] [Session系统] Session系统初始化完成
2020-05-31 21:14:37,190 [信息] [网站防火墙] 未开启防火墙
2020-05-31 21:14:37,190 [信息] [验证器] 无默认验证器配置文件
2020-05-31 21:14:37,191 [信息] [模板] 初始化模板引擎
2020-05-31 21:14:37,191 [信息] [模板] 扫描加载模板目录
2020-05-31 21:14:37,259 [信息] [模板] 加载状态模板
2020-05-31 21:14:37,260 [信息] [模板] [状态模板] 加载状态模板[300][内置]: [模板目录]/300.esp
2020-05-31 21:14:37,260 [信息] [模板] [状态模板] 加载状态模板[301][内置]: [模板目录]/301.esp
2020-05-31 21:14:37,261 [信息] [模板] [状态模板] 加载状态模板[302][内置]: [模板目录]/302.esp
2020-05-31 21:14:37,261 [信息] [模板] [状态模板] 加载状态模板[304][内置]: [模板目录]/304.esp
2020-05-31 21:14:37,262 [信息] [模板] [状态模板] 加载状态模板[400][内置]: [模板目录]/400.esp
2020-05-31 21:14:37,262 [信息] [模板] [状态模板] 加载状态模板[401][内置]: [模板目录]/401.esp
2020-05-31 21:14:37,263 [信息] [模板] [状态模板] 加载状态模板[403][内置]: [模板目录]/403.esp
2020-05-31 21:14:37,264 [信息] [模板] [状态模板] 加载状态模板[404][内置]: [模板目录]/404.html
2020-05-31 21:14:37,264 [信息] [模板] [状态模板] 加载状态模板[405][内置]: [模板目录]/405.esp
2020-05-31 21:14:37,265 [信息] [模板] [状态模板] 加载状态模板[406][内置]: [模板目录]/406.esp
2020-05-31 21:14:37,266 [信息] [模板] [状态模板] 加载状态模板[407][内置]: [模板目录]/407.esp
2020-05-31 21:14:37,266 [信息] [模板] [状态模板] 加载状态模板[408][内置]: [模板目录]/408.esp
2020-05-31 21:14:37,267 [信息] [模板] [状态模板] 加载状态模板[409][内置]: [模板目录]/409.esp
2020-05-31 21:14:37,268 [信息] [模板] [状态模板] 加载状态模板[410][内置]: [模板目录]/410.esp
2020-05-31 21:14:37,268 [信息] [模板] [状态模板] 加载状态模板[411][内置]: [模板目录]/411.esp
2020-05-31 21:14:37,269 [信息] [模板] [状态模板] 加载状态模板[412][内置]: [模板目录]/412.esp
2020-05-31 21:14:37,270 [信息] [模板] [状态模板] 加载状态模板[413][内置]: [模板目录]/413.esp
2020-05-31 21:14:37,270 [信息] [模板] [状态模板] 加载状态模板[414][内置]: [模板目录]/414.esp
2020-05-31 21:14:37,271 [信息] [模板] [状态模板] 加载状态模板[415][内置]: [模板目录]/415.esp
2020-05-31 21:14:37,271 [信息] [模板] [状态模板] 加载状态模板[416][内置]: [模板目录]/416.esp
2020-05-31 21:14:37,272 [信息] [模板] [状态模板] 加载状态模板[417][内置]: [模板目录]/417.esp
2020-05-31 21:14:37,273 [信息] [模板] [状态模板] 加载状态模板[500][内置]: [模板目录]/500.esp
2020-05-31 21:14:37,274 [信息] [模板] [状态模板] 加载状态模板[501][内置]: [模板目录]/501.esp
2020-05-31 21:14:37,275 [信息] [模板] [状态模板] 加载状态模板[502][内置]: [模板目录]/502.esp
2020-05-31 21:14:37,276 [信息] [模板] [状态模板] 加载状态模板[503][内置]: [模板目录]/503.esp
2020-05-31 21:14:37,276 [信息] [模板] [状态模板] 加载状态模板[504][内置]: [模板目录]/504.esp
2020-05-31 21:14:37,277 [信息] [模板] [状态模板] 加载状态模板[505][内置]: [模板目录]/505.esp
2020-05-31 21:14:37,278 [信息] [模板] 模板引擎初始化完毕
2020-05-31 21:14:37,278 [信息] [动态模块] 开始加载动态模块
2020-05-31 21:14:37,278 [信息] [动态模块] 完成加载(无配置文件 - [模块]/模块映射.json)
2020-05-31 21:14:37,278 [信息] [模块] 开始加载下级模块
2020-05-31 21:14:37,278 [信息] [模块] 完成下级模块加载
2020-05-31 21:14:37,278 [信息] [远程服务] 开始初始化
2020-05-31 21:14:37,279 [信息] [远程服务] 初始化完成
2020-05-31 21:14:37,279 [信息] [WebService] 未启用
2020-05-31 21:14:37,279 [信息] [模板函数] 同步模板函数
2020-05-31 21:14:37,279 [信息] [模板函数] 函数同步完成
2020-05-31 21:14:37,279 [信息] [模块] 开始加载视图
2020-05-31 21:14:37,279 [信息] [视图] /post
2020-05-31 21:14:37,279 [信息] [模块] 完成视图加载
2020-05-31 21:14:37,279 [信息] [缓存] 加载动态模板页缓存
2020-05-31 21:14:37,279 [信息] [缓存] 无动态模板页缓存设置
2020-05-31 21:14:37,281 [信息] [缓存] [动态缓存] 读取缓存配置成功
2020-05-31 21:14:37,281 [信息] [缓存] 加载服务器静态缓存设置 [时间] 3秒 [尺寸]131072
2020-05-31 21:14:37,281 [信息] [缓存] 静态缓存初始化成功
2020-05-31 21:14:37,282 [信息] [缓存] 加载服务器缓存动态设置
2020-05-31 21:14:37,282 [信息] [模块] 执行模块初始化函数
2020-05-31 21:14:37,282 [信息] [模块] 执行模块初始化完成函数
2020-05-31 21:14:37,282 [信息] [服务器] 正在初始化请求资源
2020-05-31 21:14:37,282 [信息] [服务器] 正在绑定地址端口
2020-05-31 21:14:37,283 [信息] [服务器] 开始监听端口内容
2020-05-31 21:14:37,283 [信息] [服务器] 开始接收用户连接
2020-05-31 21:14:37,284 [信息] [服务器] 服务器启动成功(企业版可通过【E2EE控制中心】配置线程数)
2020-05-31 21:14:37,284 [信息]     [连接数] 20
2020-05-31 21:14:37,284 [信息]     [模板数] 40
2020-05-31 21:14:37,285 [信息]     [线程数] 2
2020-05-31 21:34:17,754 [信息] 
2020-05-31 21:34:17,755 [信息] 
2020-05-31 21:34:17,755 [信息] 
2020-05-31 21:34:17,755 [信息] 
2020-05-31 21:34:17,755 [信息] ===============================================================
2020-05-31 21:34:17,755 [信息] =  [E2EE免费版] 2.7.1.1 
2020-05-31 21:34:17,755 [信息] =    绑定IP: *
2020-05-31 21:34:17,755 [信息] =    绑定端口: 80
2020-05-31 21:34:17,756 [信息] ===============================================================
2020-05-31 21:34:17,756 [信息] [服务器] 初始化
2020-05-31 21:34:17,756 [信息] [Session系统] 正在初始化Session系统
2020-05-31 21:34:17,756 [信息] [Session系统] 初始化内存文件存储系统：[内存最大尺寸] 64 MB
2020-05-31 21:34:17,756 [信息] [Session系统] Session系统初始化完成
2020-05-31 21:34:17,756 [信息] [网站防火墙] 未开启防火墙
2020-05-31 21:34:17,756 [信息] [验证器] 无默认验证器配置文件
2020-05-31 21:34:17,757 [信息] [模板] 初始化模板引擎
2020-05-31 21:34:17,757 [信息] [模板] 扫描加载模板目录
2020-05-31 21:34:17,825 [信息] [模板] 加载状态模板
2020-05-31 21:34:17,826 [信息] [模板] [状态模板] 加载状态模板[300][内置]: [模板目录]/300.esp
2020-05-31 21:34:17,829 [信息] [模板] [状态模板] 加载状态模板[301][内置]: [模板目录]/301.esp
2020-05-31 21:34:17,830 [信息] [模板] [状态模板] 加载状态模板[302][内置]: [模板目录]/302.esp
2020-05-31 21:34:17,831 [信息] [模板] [状态模板] 加载状态模板[304][内置]: [模板目录]/304.esp
2020-05-31 21:34:17,831 [信息] [模板] [状态模板] 加载状态模板[400][内置]: [模板目录]/400.esp
2020-05-31 21:34:17,832 [信息] [模板] [状态模板] 加载状态模板[401][内置]: [模板目录]/401.esp
2020-05-31 21:34:17,833 [信息] [模板] [状态模板] 加载状态模板[403][内置]: [模板目录]/403.esp
2020-05-31 21:34:17,833 [信息] [模板] [状态模板] 加载状态模板[404][内置]: [模板目录]/404.html
2020-05-31 21:34:17,834 [信息] [模板] [状态模板] 加载状态模板[405][内置]: [模板目录]/405.esp
2020-05-31 21:34:17,834 [信息] [模板] [状态模板] 加载状态模板[406][内置]: [模板目录]/406.esp
2020-05-31 21:34:17,835 [信息] [模板] [状态模板] 加载状态模板[407][内置]: [模板目录]/407.esp
2020-05-31 21:34:17,836 [信息] [模板] [状态模板] 加载状态模板[408][内置]: [模板目录]/408.esp
2020-05-31 21:34:17,837 [信息] [模板] [状态模板] 加载状态模板[409][内置]: [模板目录]/409.esp
2020-05-31 21:34:17,837 [信息] [模板] [状态模板] 加载状态模板[410][内置]: [模板目录]/410.esp
2020-05-31 21:34:17,838 [信息] [模板] [状态模板] 加载状态模板[411][内置]: [模板目录]/411.esp
2020-05-31 21:34:17,839 [信息] [模板] [状态模板] 加载状态模板[412][内置]: [模板目录]/412.esp
2020-05-31 21:34:17,839 [信息] [模板] [状态模板] 加载状态模板[413][内置]: [模板目录]/413.esp
2020-05-31 21:34:17,840 [信息] [模板] [状态模板] 加载状态模板[414][内置]: [模板目录]/414.esp
2020-05-31 21:34:17,841 [信息] [模板] [状态模板] 加载状态模板[415][内置]: [模板目录]/415.esp
2020-05-31 21:34:17,841 [信息] [模板] [状态模板] 加载状态模板[416][内置]: [模板目录]/416.esp
2020-05-31 21:34:17,842 [信息] [模板] [状态模板] 加载状态模板[417][内置]: [模板目录]/417.esp
2020-05-31 21:34:17,845 [信息] [模板] [状态模板] 加载状态模板[500][内置]: [模板目录]/500.esp
2020-05-31 21:34:17,847 [信息] [模板] [状态模板] 加载状态模板[501][内置]: [模板目录]/501.esp
2020-05-31 21:34:17,848 [信息] [模板] [状态模板] 加载状态模板[502][内置]: [模板目录]/502.esp
2020-05-31 21:34:17,848 [信息] [模板] [状态模板] 加载状态模板[503][内置]: [模板目录]/503.esp
2020-05-31 21:34:17,849 [信息] [模板] [状态模板] 加载状态模板[504][内置]: [模板目录]/504.esp
2020-05-31 21:34:17,850 [信息] [模板] [状态模板] 加载状态模板[505][内置]: [模板目录]/505.esp
2020-05-31 21:34:17,850 [信息] [模板] 模板引擎初始化完毕
2020-05-31 21:34:17,851 [信息] [动态模块] 开始加载动态模块
2020-05-31 21:34:17,851 [信息] [动态模块] 完成加载(无配置文件 - [模块]/模块映射.json)
2020-05-31 21:34:17,851 [信息] [模块] 开始加载下级模块
2020-05-31 21:34:17,851 [信息] [模块] 完成下级模块加载
2020-05-31 21:34:17,851 [信息] [远程服务] 开始初始化
2020-05-31 21:34:17,851 [信息] [远程服务] 初始化完成
2020-05-31 21:34:17,852 [信息] [WebService] 未启用
2020-05-31 21:34:17,852 [信息] [模板函数] 同步模板函数
2020-05-31 21:34:17,852 [信息] [模板函数] 函数同步完成
2020-05-31 21:34:17,852 [信息] [模块] 开始加载视图
2020-05-31 21:34:17,852 [信息] [视图] /post
2020-05-31 21:34:17,852 [信息] [模块] 完成视图加载
2020-05-31 21:34:17,852 [信息] [缓存] 加载动态模板页缓存
2020-05-31 21:34:17,852 [信息] [缓存] 无动态模板页缓存设置
2020-05-31 21:34:17,854 [信息] [缓存] [动态缓存] 读取缓存配置成功
2020-05-31 21:34:17,854 [信息] [缓存] 加载服务器静态缓存设置 [时间] 3秒 [尺寸]131072
2020-05-31 21:34:17,855 [信息] [缓存] 静态缓存初始化成功
2020-05-31 21:34:17,855 [信息] [缓存] 加载服务器缓存动态设置
2020-05-31 21:34:17,855 [信息] [模块] 执行模块初始化函数
2020-05-31 21:34:17,855 [信息] [模块] 执行模块初始化完成函数
2020-05-31 21:34:17,855 [信息] [服务器] 正在初始化请求资源
2020-05-31 21:34:17,855 [信息] [服务器] 正在绑定地址端口
2020-05-31 21:34:17,856 [信息] [服务器] 开始监听端口内容
2020-05-31 21:34:17,856 [信息] [服务器] 开始接收用户连接
2020-05-31 21:34:17,857 [信息] [服务器] 服务器启动成功(企业版可通过【E2EE控制中心】配置线程数)
2020-05-31 21:34:17,857 [信息]     [连接数] 20
2020-05-31 21:34:17,857 [信息]     [模板数] 40
2020-05-31 21:34:17,857 [信息]     [线程数] 2
2020-06-02 09:15:25,893 [信息] 
2020-06-02 09:15:25,893 [信息] 
2020-06-02 09:15:25,893 [信息] 
2020-06-02 09:15:25,893 [信息] 
2020-06-02 09:15:25,893 [信息] ===============================================================
2020-06-02 09:15:25,893 [信息] =  [E2EE免费版] 2.7.1.1 
2020-06-02 09:15:25,893 [信息] =    绑定IP: *
2020-06-02 09:15:25,893 [信息] =    绑定端口: 80
2020-06-02 09:15:25,893 [信息] ===============================================================
2020-06-02 09:15:25,893 [信息] [服务器] 初始化
2020-06-02 09:15:25,893 [信息] [Session系统] 正在初始化Session系统
2020-06-02 09:15:25,893 [信息] [Session系统] 初始化内存文件存储系统：[内存最大尺寸] 64 MB
2020-06-02 09:15:25,893 [信息] [Session系统] Session系统初始化完成
2020-06-02 09:15:25,893 [信息] [网站防火墙] 未开启防火墙
2020-06-02 09:15:25,893 [信息] [验证器] 无默认验证器配置文件
2020-06-02 09:15:25,893 [信息] [模板] 初始化模板引擎
2020-06-02 09:15:25,893 [信息] [模板] 扫描加载模板目录
2020-06-02 09:15:25,909 [信息] [模板] 加载状态模板
2020-06-02 09:15:25,909 [信息] [模板] [状态模板] 加载状态模板[300][内置]: [模板目录]/300.esp
2020-06-02 09:15:25,909 [信息] [模板] [状态模板] 加载状态模板[301][内置]: [模板目录]/301.esp
2020-06-02 09:15:25,909 [信息] [模板] [状态模板] 加载状态模板[302][内置]: [模板目录]/302.esp
2020-06-02 09:15:25,909 [信息] [模板] [状态模板] 加载状态模板[304][内置]: [模板目录]/304.esp
2020-06-02 09:15:25,909 [信息] [模板] [状态模板] 加载状态模板[400][内置]: [模板目录]/400.esp
2020-06-02 09:15:25,909 [信息] [模板] [状态模板] 加载状态模板[401][内置]: [模板目录]/401.esp
2020-06-02 09:15:25,909 [信息] [模板] [状态模板] 加载状态模板[403][内置]: [模板目录]/403.esp
2020-06-02 09:15:25,909 [信息] [模板] [状态模板] 加载状态模板[404][内置]: [模板目录]/404.html
2020-06-02 09:15:25,909 [信息] [模板] [状态模板] 加载状态模板[405][内置]: [模板目录]/405.esp
2020-06-02 09:15:25,909 [信息] [模板] [状态模板] 加载状态模板[406][内置]: [模板目录]/406.esp
2020-06-02 09:15:25,909 [信息] [模板] [状态模板] 加载状态模板[407][内置]: [模板目录]/407.esp
2020-06-02 09:15:25,909 [信息] [模板] [状态模板] 加载状态模板[408][内置]: [模板目录]/408.esp
2020-06-02 09:15:25,909 [信息] [模板] [状态模板] 加载状态模板[409][内置]: [模板目录]/409.esp
2020-06-02 09:15:25,909 [信息] [模板] [状态模板] 加载状态模板[410][内置]: [模板目录]/410.esp
2020-06-02 09:15:25,909 [信息] [模板] [状态模板] 加载状态模板[411][内置]: [模板目录]/411.esp
2020-06-02 09:15:25,909 [信息] [模板] [状态模板] 加载状态模板[412][内置]: [模板目录]/412.esp
2020-06-02 09:15:25,909 [信息] [模板] [状态模板] 加载状态模板[413][内置]: [模板目录]/413.esp
2020-06-02 09:15:25,909 [信息] [模板] [状态模板] 加载状态模板[414][内置]: [模板目录]/414.esp
2020-06-02 09:15:25,909 [信息] [模板] [状态模板] 加载状态模板[415][内置]: [模板目录]/415.esp
2020-06-02 09:15:25,909 [信息] [模板] [状态模板] 加载状态模板[416][内置]: [模板目录]/416.esp
2020-06-02 09:15:25,909 [信息] [模板] [状态模板] 加载状态模板[417][内置]: [模板目录]/417.esp
2020-06-02 09:15:25,909 [信息] [模板] [状态模板] 加载状态模板[500][内置]: [模板目录]/500.esp
2020-06-02 09:15:25,909 [信息] [模板] [状态模板] 加载状态模板[501][内置]: [模板目录]/501.esp
2020-06-02 09:15:25,909 [信息] [模板] [状态模板] 加载状态模板[502][内置]: [模板目录]/502.esp
2020-06-02 09:15:25,909 [信息] [模板] [状态模板] 加载状态模板[503][内置]: [模板目录]/503.esp
2020-06-02 09:15:25,909 [信息] [模板] [状态模板] 加载状态模板[504][内置]: [模板目录]/504.esp
2020-06-02 09:15:25,909 [信息] [模板] [状态模板] 加载状态模板[505][内置]: [模板目录]/505.esp
2020-06-02 09:15:25,909 [信息] [模板] 模板引擎初始化完毕
2020-06-02 09:15:25,909 [信息] [动态模块] 开始加载动态模块
2020-06-02 09:15:25,909 [信息] [动态模块] 完成加载(无配置文件 - [模块]/模块映射.json)
2020-06-02 09:15:25,909 [信息] [模块] 开始加载下级模块
2020-06-02 09:15:25,909 [信息] [模块] 完成下级模块加载
2020-06-02 09:15:25,909 [信息] [远程服务] 开始初始化
2020-06-02 09:15:25,909 [信息] [远程服务] 初始化完成
2020-06-02 09:15:25,909 [信息] [WebService] 未启用
2020-06-02 09:15:25,909 [信息] [模板函数] 同步模板函数
2020-06-02 09:15:25,909 [信息] [模板函数] 函数同步完成
2020-06-02 09:15:25,909 [信息] [模块] 开始加载视图
2020-06-02 09:15:25,909 [信息] [视图] /post
2020-06-02 09:15:25,909 [信息] [模块] 完成视图加载
2020-06-02 09:15:25,909 [信息] [缓存] 加载动态模板页缓存
2020-06-02 09:15:25,909 [信息] [缓存] 无动态模板页缓存设置
2020-06-02 09:15:25,909 [信息] [缓存] [动态缓存] 缓存文件不存在
2020-06-02 09:15:25,909 [信息] [缓存] 加载服务器静态缓存设置 [时间] 3秒 [尺寸]131072
2020-06-02 09:15:25,909 [信息] [缓存] 静态缓存初始化成功
2020-06-02 09:15:25,909 [信息] [缓存] 加载服务器缓存动态设置
2020-06-02 09:15:25,909 [信息] [模块] 执行模块初始化函数
2020-06-02 09:15:25,909 [信息] [模块] 执行模块初始化完成函数
2020-06-02 09:15:25,909 [信息] [服务器] 正在初始化请求资源
2020-06-02 09:15:25,909 [信息] [服务器] 正在绑定地址端口
2020-06-02 09:15:25,909 [信息] [服务器] 开始监听端口内容
2020-06-02 09:15:25,909 [信息] [服务器] 开始接收用户连接
2020-06-02 09:15:25,909 [信息] [服务器] 服务器启动成功(企业版可通过【E2EE控制中心】配置线程数)
2020-06-02 09:15:25,909 [信息]     [连接数] 20
2020-06-02 09:15:25,909 [信息]     [模板数] 40
2020-06-02 09:15:25,909 [信息]     [线程数] 2
2020-06-18 14:46:47,274 [信息] 
2020-06-18 14:46:47,276 [信息] 
2020-06-18 14:46:47,276 [信息] 
2020-06-18 14:46:47,276 [信息] 
2020-06-18 14:46:47,276 [信息] ===============================================================
2020-06-18 14:46:47,276 [信息] =  [E2EE免费版] 2.7.1.1 
2020-06-18 14:46:47,277 [信息] =    绑定IP: *
2020-06-18 14:46:47,277 [信息] =    绑定端口: 80
2020-06-18 14:46:47,277 [信息] ===============================================================
2020-06-18 14:46:47,277 [信息] [服务器] 初始化
2020-06-18 14:46:47,277 [信息] [Session系统] 正在初始化Session系统
2020-06-18 14:46:47,277 [信息] [Session系统] 初始化内存文件存储系统：[内存最大尺寸] 64 MB
2020-06-18 14:46:47,277 [信息] [Session系统] Session系统初始化完成
2020-06-18 14:46:47,277 [信息] [网站防火墙] 未开启防火墙
2020-06-18 14:46:47,277 [信息] [验证器] 无默认验证器配置文件
2020-06-18 14:46:47,278 [信息] [模板] 初始化模板引擎
2020-06-18 14:46:47,278 [信息] [模板] 扫描加载模板目录
2020-06-18 14:46:47,326 [信息] [模板] 加载状态模板
2020-06-18 14:46:47,327 [信息] [模板] [状态模板] 加载状态模板[300][内置]: [模板目录]/300.esp
2020-06-18 14:46:47,327 [信息] [模板] [状态模板] 加载状态模板[301][内置]: [模板目录]/301.esp
2020-06-18 14:46:47,327 [信息] [模板] [状态模板] 加载状态模板[302][内置]: [模板目录]/302.esp
2020-06-18 14:46:47,328 [信息] [模板] [状态模板] 加载状态模板[304][内置]: [模板目录]/304.esp
2020-06-18 14:46:47,328 [信息] [模板] [状态模板] 加载状态模板[400][内置]: [模板目录]/400.esp
2020-06-18 14:46:47,328 [信息] [模板] [状态模板] 加载状态模板[401][内置]: [模板目录]/401.esp
2020-06-18 14:46:47,328 [信息] [模板] [状态模板] 加载状态模板[403][内置]: [模板目录]/403.esp
2020-06-18 14:46:47,329 [信息] [模板] [状态模板] 加载状态模板[404][内置]: [模板目录]/404.html
2020-06-18 14:46:47,329 [信息] [模板] [状态模板] 加载状态模板[405][内置]: [模板目录]/405.esp
2020-06-18 14:46:47,329 [信息] [模板] [状态模板] 加载状态模板[406][内置]: [模板目录]/406.esp
2020-06-18 14:46:47,329 [信息] [模板] [状态模板] 加载状态模板[407][内置]: [模板目录]/407.esp
2020-06-18 14:46:47,330 [信息] [模板] [状态模板] 加载状态模板[408][内置]: [模板目录]/408.esp
2020-06-18 14:46:47,330 [信息] [模板] [状态模板] 加载状态模板[409][内置]: [模板目录]/409.esp
2020-06-18 14:46:47,331 [信息] [模板] [状态模板] 加载状态模板[410][内置]: [模板目录]/410.esp
2020-06-18 14:46:47,331 [信息] [模板] [状态模板] 加载状态模板[411][内置]: [模板目录]/411.esp
2020-06-18 14:46:47,331 [信息] [模板] [状态模板] 加载状态模板[412][内置]: [模板目录]/412.esp
2020-06-18 14:46:47,331 [信息] [模板] [状态模板] 加载状态模板[413][内置]: [模板目录]/413.esp
2020-06-18 14:46:47,332 [信息] [模板] [状态模板] 加载状态模板[414][内置]: [模板目录]/414.esp
2020-06-18 14:46:47,332 [信息] [模板] [状态模板] 加载状态模板[415][内置]: [模板目录]/415.esp
2020-06-18 14:46:47,332 [信息] [模板] [状态模板] 加载状态模板[416][内置]: [模板目录]/416.esp
2020-06-18 14:46:47,333 [信息] [模板] [状态模板] 加载状态模板[417][内置]: [模板目录]/417.esp
2020-06-18 14:46:47,333 [信息] [模板] [状态模板] 加载状态模板[500][内置]: [模板目录]/500.esp
2020-06-18 14:46:47,333 [信息] [模板] [状态模板] 加载状态模板[501][内置]: [模板目录]/501.esp
2020-06-18 14:46:47,334 [信息] [模板] [状态模板] 加载状态模板[502][内置]: [模板目录]/502.esp
2020-06-18 14:46:47,334 [信息] [模板] [状态模板] 加载状态模板[503][内置]: [模板目录]/503.esp
2020-06-18 14:46:47,334 [信息] [模板] [状态模板] 加载状态模板[504][内置]: [模板目录]/504.esp
2020-06-18 14:46:47,334 [信息] [模板] [状态模板] 加载状态模板[505][内置]: [模板目录]/505.esp
2020-06-18 14:46:47,335 [信息] [模板] 模板引擎初始化完毕
2020-06-18 14:46:47,335 [信息] [动态模块] 开始加载动态模块
2020-06-18 14:46:47,335 [信息] [动态模块] 完成加载(无配置文件 - [模块]/模块映射.json)
2020-06-18 14:46:47,335 [信息] [模块] 开始加载下级模块
2020-06-18 14:46:47,335 [信息] [模块] 完成下级模块加载
2020-06-18 14:46:47,335 [信息] [远程服务] 开始初始化
2020-06-18 14:46:47,335 [信息] [远程服务] 初始化完成
2020-06-18 14:46:47,335 [信息] [WebService] 未启用
2020-06-18 14:46:47,335 [信息] [模板函数] 同步模板函数
2020-06-18 14:46:47,335 [信息] [模板函数] 函数同步完成
2020-06-18 14:46:47,335 [信息] [模块] 开始加载视图
2020-06-18 14:46:47,335 [信息] [视图] /post
2020-06-18 14:46:47,336 [信息] [模块] 完成视图加载
2020-06-18 14:46:47,336 [信息] [缓存] 加载动态模板页缓存
2020-06-18 14:46:47,336 [信息] [缓存] 无动态模板页缓存设置
2020-06-18 14:46:47,338 [信息] [缓存] [动态缓存] 缓存文件不存在
2020-06-18 14:46:47,338 [信息] [缓存] 加载服务器静态缓存设置 [时间] 3秒 [尺寸]131072
2020-06-18 14:46:47,338 [信息] [缓存] 静态缓存初始化成功
2020-06-18 14:46:47,338 [信息] [缓存] 加载服务器缓存动态设置
2020-06-18 14:46:47,338 [信息] [模块] 执行模块初始化函数
2020-06-18 14:46:47,339 [信息] [模块] 执行模块初始化完成函数
2020-06-18 14:46:47,339 [信息] [服务器] 正在初始化请求资源
2020-06-18 14:46:47,339 [信息] [服务器] 正在绑定地址端口
2020-06-18 14:46:47,339 [信息] [服务器] 开始监听端口内容
2020-06-18 14:46:47,339 [信息] [服务器] 开始接收用户连接
2020-06-18 14:46:47,340 [信息] [服务器] 服务器启动成功(企业版可通过【E2EE控制中心】配置线程数)
2020-06-18 14:46:47,340 [信息]     [连接数] 20
2020-06-18 14:46:47,340 [信息]     [模板数] 40
2020-06-18 14:46:47,340 [信息]     [线程数] 2
2020-06-18 14:48:27,891 [信息] 
2020-06-18 14:48:27,891 [信息] 
2020-06-18 14:48:27,891 [信息] 
2020-06-18 14:48:27,891 [信息] 
2020-06-18 14:48:27,892 [信息] ===============================================================
2020-06-18 14:48:27,892 [信息] =  [E2EE免费版] 2.7.1.1 
2020-06-18 14:48:27,892 [信息] =    绑定IP: *
2020-06-18 14:48:27,892 [信息] =    绑定端口: 80
2020-06-18 14:48:27,892 [信息] ===============================================================
2020-06-18 14:48:27,892 [信息] [服务器] 初始化
2020-06-18 14:48:27,892 [信息] [Session系统] 正在初始化Session系统
2020-06-18 14:48:27,892 [信息] [Session系统] 初始化内存文件存储系统：[内存最大尺寸] 64 MB
2020-06-18 14:48:27,892 [信息] [Session系统] Session系统初始化完成
2020-06-18 14:48:27,892 [信息] [网站防火墙] 未开启防火墙
2020-06-18 14:48:27,892 [信息] [验证器] 无默认验证器配置文件
2020-06-18 14:48:27,893 [信息] [模板] 初始化模板引擎
2020-06-18 14:48:27,893 [信息] [模板] 扫描加载模板目录
2020-06-18 14:48:27,910 [信息] [模板] 加载状态模板
2020-06-18 14:48:27,911 [信息] [模板] [状态模板] 加载状态模板[300][内置]: [模板目录]/300.esp
2020-06-18 14:48:27,911 [信息] [模板] [状态模板] 加载状态模板[301][内置]: [模板目录]/301.esp
2020-06-18 14:48:27,911 [信息] [模板] [状态模板] 加载状态模板[302][内置]: [模板目录]/302.esp
2020-06-18 14:48:27,912 [信息] [模板] [状态模板] 加载状态模板[304][内置]: [模板目录]/304.esp
2020-06-18 14:48:27,912 [信息] [模板] [状态模板] 加载状态模板[400][内置]: [模板目录]/400.esp
2020-06-18 14:48:27,912 [信息] [模板] [状态模板] 加载状态模板[401][内置]: [模板目录]/401.esp
2020-06-18 14:48:27,912 [信息] [模板] [状态模板] 加载状态模板[403][内置]: [模板目录]/403.esp
2020-06-18 14:48:27,913 [信息] [模板] [状态模板] 加载状态模板[404][内置]: [模板目录]/404.html
2020-06-18 14:48:27,913 [信息] [模板] [状态模板] 加载状态模板[405][内置]: [模板目录]/405.esp
2020-06-18 14:48:27,913 [信息] [模板] [状态模板] 加载状态模板[406][内置]: [模板目录]/406.esp
2020-06-18 14:48:27,913 [信息] [模板] [状态模板] 加载状态模板[407][内置]: [模板目录]/407.esp
2020-06-18 14:48:27,914 [信息] [模板] [状态模板] 加载状态模板[408][内置]: [模板目录]/408.esp
2020-06-18 14:48:27,914 [信息] [模板] [状态模板] 加载状态模板[409][内置]: [模板目录]/409.esp
2020-06-18 14:48:27,914 [信息] [模板] [状态模板] 加载状态模板[410][内置]: [模板目录]/410.esp
2020-06-18 14:48:27,915 [信息] [模板] [状态模板] 加载状态模板[411][内置]: [模板目录]/411.esp
2020-06-18 14:48:27,915 [信息] [模板] [状态模板] 加载状态模板[412][内置]: [模板目录]/412.esp
2020-06-18 14:48:27,915 [信息] [模板] [状态模板] 加载状态模板[413][内置]: [模板目录]/413.esp
2020-06-18 14:48:27,916 [信息] [模板] [状态模板] 加载状态模板[414][内置]: [模板目录]/414.esp
2020-06-18 14:48:27,916 [信息] [模板] [状态模板] 加载状态模板[415][内置]: [模板目录]/415.esp
2020-06-18 14:48:27,916 [信息] [模板] [状态模板] 加载状态模板[416][内置]: [模板目录]/416.esp
2020-06-18 14:48:27,916 [信息] [模板] [状态模板] 加载状态模板[417][内置]: [模板目录]/417.esp
2020-06-18 14:48:27,917 [信息] [模板] [状态模板] 加载状态模板[500][内置]: [模板目录]/500.esp
2020-06-18 14:48:27,917 [信息] [模板] [状态模板] 加载状态模板[501][内置]: [模板目录]/501.esp
2020-06-18 14:48:27,917 [信息] [模板] [状态模板] 加载状态模板[502][内置]: [模板目录]/502.esp
2020-06-18 14:48:27,917 [信息] [模板] [状态模板] 加载状态模板[503][内置]: [模板目录]/503.esp
2020-06-18 14:48:27,918 [信息] [模板] [状态模板] 加载状态模板[504][内置]: [模板目录]/504.esp
2020-06-18 14:48:27,918 [信息] [模板] [状态模板] 加载状态模板[505][内置]: [模板目录]/505.esp
2020-06-18 14:48:27,918 [信息] [模板] 模板引擎初始化完毕
2020-06-18 14:48:27,919 [信息] [动态模块] 开始加载动态模块
2020-06-18 14:48:27,919 [信息] [动态模块] 完成加载(无配置文件 - [模块]/模块映射.json)
2020-06-18 14:48:27,919 [信息] [模块] 开始加载下级模块
2020-06-18 14:48:27,919 [信息] [模块] 完成下级模块加载
2020-06-18 14:48:27,919 [信息] [远程服务] 开始初始化
2020-06-18 14:48:27,919 [信息] [远程服务] 初始化完成
2020-06-18 14:48:27,919 [信息] [WebService] 未启用
2020-06-18 14:48:27,919 [信息] [模板函数] 同步模板函数
2020-06-18 14:48:27,919 [信息] [模板函数] 函数同步完成
2020-06-18 14:48:27,919 [信息] [模块] 开始加载视图
2020-06-18 14:48:27,919 [信息] [视图] /post
2020-06-18 14:48:27,919 [信息] [模块] 完成视图加载
2020-06-18 14:48:27,920 [信息] [缓存] 加载动态模板页缓存
2020-06-18 14:48:27,920 [信息] [缓存] 无动态模板页缓存设置
2020-06-18 14:48:27,920 [信息] [缓存] [动态缓存] 读取缓存配置成功
2020-06-18 14:48:27,920 [信息] [缓存] 加载服务器静态缓存设置 [时间] 3秒 [尺寸]131072
2020-06-18 14:48:27,920 [信息] [缓存] 静态缓存初始化成功
2020-06-18 14:48:27,920 [信息] [缓存] 加载服务器缓存动态设置
2020-06-18 14:48:27,921 [信息] [模块] 执行模块初始化函数
2020-06-18 14:48:27,921 [信息] [模块] 执行模块初始化完成函数
2020-06-18 14:48:27,921 [信息] [服务器] 正在初始化请求资源
2020-06-18 14:48:27,921 [信息] [服务器] 正在绑定地址端口
2020-06-18 14:48:27,921 [信息] [服务器] 开始监听端口内容
2020-06-18 14:48:27,921 [信息] [服务器] 开始接收用户连接
2020-06-18 14:48:27,922 [信息] [服务器] 服务器启动成功(企业版可通过【E2EE控制中心】配置线程数)
2020-06-18 14:48:27,922 [信息]     [连接数] 20
2020-06-18 14:48:27,922 [信息]     [模板数] 40
2020-06-18 14:48:27,922 [信息]     [线程数] 2
2020-06-19 14:10:01,674 [信息] 
2020-06-19 14:10:01,676 [信息] 
2020-06-19 14:10:01,676 [信息] 
2020-06-19 14:10:01,676 [信息] 
2020-06-19 14:10:01,676 [信息] 
2020-06-19 14:10:01,676 [信息] ===============================================================
2020-06-19 14:10:01,676 [信息] 
2020-06-19 14:10:01,676 [信息] =  [E2EE免费版] 2.7.1.1 
2020-06-19 14:10:01,676 [信息] ===============================================================
2020-06-19 14:10:01,676 [信息] =    绑定IP: *
2020-06-19 14:10:01,676 [信息] =  [E2EE免费版] 2.7.1.1 
2020-06-19 14:10:01,676 [信息] =    绑定端口: 80
2020-06-19 14:10:01,676 [信息] =    绑定IP: *
2020-06-19 14:10:01,676 [信息] ===============================================================
2020-06-19 14:10:01,676 [信息] =    绑定端口: 80
2020-06-19 14:10:01,677 [信息] [服务器] 初始化
2020-06-19 14:10:01,677 [信息] ===============================================================
2020-06-19 14:10:01,677 [信息] [Session系统] 正在初始化Session系统
2020-06-19 14:10:01,677 [信息] [服务器] 初始化
2020-06-19 14:10:01,677 [信息] [Session系统] 初始化内存文件存储系统：[内存最大尺寸] 64 MB
2020-06-19 14:10:01,677 [信息] [Session系统] 正在初始化Session系统
2020-06-19 14:10:01,677 [信息] [Session系统] Session系统初始化完成
2020-06-19 14:10:01,677 [信息] [Session系统] 初始化内存文件存储系统：[内存最大尺寸] 64 MB
2020-06-19 14:10:01,677 [信息] [网站防火墙] 未开启防火墙
2020-06-19 14:10:01,677 [信息] [Session系统] Session系统初始化完成
2020-06-19 14:10:01,677 [信息] [网站防火墙] 未开启防火墙
2020-06-19 14:10:01,677 [信息] [验证器] 无默认验证器配置文件
2020-06-19 14:10:01,677 [信息] [模板] 初始化模板引擎
2020-06-19 14:10:01,677 [信息] [验证器] 无默认验证器配置文件
2020-06-19 14:10:01,677 [信息] [模板] 扫描加载模板目录
2020-06-19 14:10:01,677 [信息] [模板] 初始化模板引擎
2020-06-19 14:10:01,677 [信息] [模板] 扫描加载模板目录
2020-06-19 14:10:01,733 [信息] [模板] 加载状态模板
2020-06-19 14:10:01,733 [信息] [模板] 加载状态模板
2020-06-19 14:10:01,733 [信息] [模板] [状态模板] 加载状态模板[300][内置]: [模板目录]/300.esp
2020-06-19 14:10:01,733 [信息] [模板] [状态模板] 加载状态模板[300][内置]: [模板目录]/300.esp
2020-06-19 14:10:01,734 [信息] [模板] [状态模板] 加载状态模板[301][内置]: [模板目录]/301.esp
2020-06-19 14:10:01,734 [信息] [模板] [状态模板] 加载状态模板[301][内置]: [模板目录]/301.esp
2020-06-19 14:10:01,734 [信息] [模板] [状态模板] 加载状态模板[302][内置]: [模板目录]/302.esp
2020-06-19 14:10:01,734 [信息] [模板] [状态模板] 加载状态模板[302][内置]: [模板目录]/302.esp
2020-06-19 14:10:01,734 [信息] [模板] [状态模板] 加载状态模板[304][内置]: [模板目录]/304.esp
2020-06-19 14:10:01,734 [信息] [模板] [状态模板] 加载状态模板[304][内置]: [模板目录]/304.esp
2020-06-19 14:10:01,734 [信息] [模板] [状态模板] 加载状态模板[400][内置]: [模板目录]/400.esp
2020-06-19 14:10:01,734 [信息] [模板] [状态模板] 加载状态模板[400][内置]: [模板目录]/400.esp
2020-06-19 14:10:01,735 [信息] [模板] [状态模板] 加载状态模板[401][内置]: [模板目录]/401.esp
2020-06-19 14:10:01,735 [信息] [模板] [状态模板] 加载状态模板[401][内置]: [模板目录]/401.esp
2020-06-19 14:10:01,735 [信息] [模板] [状态模板] 加载状态模板[403][内置]: [模板目录]/403.esp
2020-06-19 14:10:01,735 [信息] [模板] [状态模板] 加载状态模板[403][内置]: [模板目录]/403.esp
2020-06-19 14:10:01,735 [信息] [模板] [状态模板] 加载状态模板[404][内置]: [模板目录]/404.html
2020-06-19 14:10:01,735 [信息] [模板] [状态模板] 加载状态模板[404][内置]: [模板目录]/404.html
2020-06-19 14:10:01,736 [信息] [模板] [状态模板] 加载状态模板[405][内置]: [模板目录]/405.esp
2020-06-19 14:10:01,736 [信息] [模板] [状态模板] 加载状态模板[405][内置]: [模板目录]/405.esp
2020-06-19 14:10:01,736 [信息] [模板] [状态模板] 加载状态模板[406][内置]: [模板目录]/406.esp
2020-06-19 14:10:01,736 [信息] [模板] [状态模板] 加载状态模板[406][内置]: [模板目录]/406.esp
2020-06-19 14:10:01,736 [信息] [模板] [状态模板] 加载状态模板[407][内置]: [模板目录]/407.esp
2020-06-19 14:10:01,736 [信息] [模板] [状态模板] 加载状态模板[407][内置]: [模板目录]/407.esp
2020-06-19 14:10:01,737 [信息] [模板] [状态模板] 加载状态模板[408][内置]: [模板目录]/408.esp
2020-06-19 14:10:01,737 [信息] [模板] [状态模板] 加载状态模板[408][内置]: [模板目录]/408.esp
2020-06-19 14:10:01,737 [信息] [模板] [状态模板] 加载状态模板[409][内置]: [模板目录]/409.esp
2020-06-19 14:10:01,737 [信息] [模板] [状态模板] 加载状态模板[409][内置]: [模板目录]/409.esp
2020-06-19 14:10:01,737 [信息] [模板] [状态模板] 加载状态模板[410][内置]: [模板目录]/410.esp
2020-06-19 14:10:01,737 [信息] [模板] [状态模板] 加载状态模板[410][内置]: [模板目录]/410.esp
2020-06-19 14:10:01,738 [信息] [模板] [状态模板] 加载状态模板[411][内置]: [模板目录]/411.esp
2020-06-19 14:10:01,738 [信息] [模板] [状态模板] 加载状态模板[411][内置]: [模板目录]/411.esp
2020-06-19 14:10:01,738 [信息] [模板] [状态模板] 加载状态模板[412][内置]: [模板目录]/412.esp
2020-06-19 14:10:01,738 [信息] [模板] [状态模板] 加载状态模板[412][内置]: [模板目录]/412.esp
2020-06-19 14:10:01,738 [信息] [模板] [状态模板] 加载状态模板[413][内置]: [模板目录]/413.esp
2020-06-19 14:10:01,738 [信息] [模板] [状态模板] 加载状态模板[413][内置]: [模板目录]/413.esp
2020-06-19 14:10:01,738 [信息] [模板] [状态模板] 加载状态模板[414][内置]: [模板目录]/414.esp
2020-06-19 14:10:01,738 [信息] [模板] [状态模板] 加载状态模板[414][内置]: [模板目录]/414.esp
2020-06-19 14:10:01,739 [信息] [模板] [状态模板] 加载状态模板[415][内置]: [模板目录]/415.esp
2020-06-19 14:10:01,739 [信息] [模板] [状态模板] 加载状态模板[415][内置]: [模板目录]/415.esp
2020-06-19 14:10:01,739 [信息] [模板] [状态模板] 加载状态模板[416][内置]: [模板目录]/416.esp
2020-06-19 14:10:01,739 [信息] [模板] [状态模板] 加载状态模板[416][内置]: [模板目录]/416.esp
2020-06-19 14:10:01,739 [信息] [模板] [状态模板] 加载状态模板[417][内置]: [模板目录]/417.esp
2020-06-19 14:10:01,740 [信息] [模板] [状态模板] 加载状态模板[500][内置]: [模板目录]/500.esp
2020-06-19 14:10:01,740 [信息] [模板] [状态模板] 加载状态模板[500][内置]: [模板目录]/500.esp
2020-06-19 14:10:01,740 [信息] [模板] [状态模板] 加载状态模板[501][内置]: [模板目录]/501.esp
2020-06-19 14:10:01,740 [信息] [模板] [状态模板] 加载状态模板[501][内置]: [模板目录]/501.esp
2020-06-19 14:10:01,740 [信息] [模板] [状态模板] 加载状态模板[502][内置]: [模板目录]/502.esp
2020-06-19 14:10:01,741 [信息] [模板] [状态模板] 加载状态模板[502][内置]: [模板目录]/502.esp
2020-06-19 14:10:01,741 [信息] [模板] [状态模板] 加载状态模板[503][内置]: [模板目录]/503.esp
2020-06-19 14:10:01,741 [信息] [模板] [状态模板] 加载状态模板[503][内置]: [模板目录]/503.esp
2020-06-19 14:10:01,741 [信息] [模板] [状态模板] 加载状态模板[504][内置]: [模板目录]/504.esp
2020-06-19 14:10:01,741 [信息] [模板] [状态模板] 加载状态模板[504][内置]: [模板目录]/504.esp
2020-06-19 14:10:01,741 [信息] [模板] [状态模板] 加载状态模板[505][内置]: [模板目录]/505.esp
2020-06-19 14:10:01,741 [信息] [模板] [状态模板] 加载状态模板[505][内置]: [模板目录]/505.esp
2020-06-19 14:10:01,742 [信息] [模板] 模板引擎初始化完毕
2020-06-19 14:10:01,742 [信息] [模板] 模板引擎初始化完毕
2020-06-19 14:10:01,742 [信息] [动态模块] 开始加载动态模块
2020-06-19 14:10:01,742 [信息] [动态模块] 开始加载动态模块
2020-06-19 14:10:01,742 [信息] [动态模块] 完成加载(无配置文件 - [模块]/模块映射.json)
2020-06-19 14:10:01,742 [信息] [动态模块] 完成加载(无配置文件 - [模块]/模块映射.json)
2020-06-19 14:10:01,742 [信息] [模块] 开始加载下级模块
2020-06-19 14:10:01,742 [信息] [模块] 开始加载下级模块
2020-06-19 14:10:01,742 [信息] [模块] 完成下级模块加载
2020-06-19 14:10:01,742 [信息] [模块] 完成下级模块加载
2020-06-19 14:10:01,742 [信息] [远程服务] 开始初始化
2020-06-19 14:10:01,742 [信息] [远程服务] 开始初始化
2020-06-19 14:10:01,742 [信息] [远程服务] 初始化完成
2020-06-19 14:10:01,742 [信息] [远程服务] 初始化完成
2020-06-19 14:10:01,742 [信息] [WebService] 未启用
2020-06-19 14:10:01,742 [信息] [WebService] 未启用
2020-06-19 14:10:01,743 [信息] [模板函数] 同步模板函数
2020-06-19 14:10:01,743 [信息] [模板函数] 函数同步完成
2020-06-19 14:10:01,743 [信息] [模板函数] 函数同步完成
2020-06-19 14:10:01,743 [信息] [模块] 开始加载视图
2020-06-19 14:10:01,743 [信息] [模块] 开始加载视图
2020-06-19 14:10:01,743 [信息] [视图] /post
2020-06-19 14:10:01,743 [信息] [视图] /post
2020-06-19 14:10:01,743 [信息] [模块] 完成视图加载
2020-06-19 14:10:01,743 [信息] [模块] 完成视图加载
2020-06-19 14:10:01,743 [信息] [缓存] 加载动态模板页缓存
2020-06-19 14:10:01,743 [信息] [缓存] 加载动态模板页缓存
2020-06-19 14:10:01,743 [信息] [缓存] 无动态模板页缓存设置
2020-06-19 14:10:01,743 [信息] [缓存] 无动态模板页缓存设置
2020-06-19 14:10:01,744 [信息] [缓存] [动态缓存] 读取缓存配置成功
2020-06-19 14:10:01,744 [信息] [缓存] [动态缓存] 读取缓存配置成功
2020-06-19 14:10:01,744 [信息] [缓存] 加载服务器静态缓存设置 [时间] 3秒 [尺寸]131072
2020-06-19 14:10:01,744 [信息] [缓存] 加载服务器静态缓存设置 [时间] 3秒 [尺寸]131072
2020-06-19 14:10:01,744 [信息] [缓存] 静态缓存初始化成功
2020-06-19 14:10:01,745 [信息] [缓存] 静态缓存初始化成功
2020-06-19 14:10:01,745 [信息] [缓存] 加载服务器缓存动态设置
2020-06-19 14:10:01,745 [信息] [缓存] 加载服务器缓存动态设置
2020-06-19 14:10:01,745 [信息] [模块] 执行模块初始化函数
2020-06-19 14:10:01,745 [信息] [模块] 执行模块初始化函数
2020-06-19 14:10:01,745 [信息] [模块] 执行模块初始化完成函数
2020-06-19 14:10:01,745 [信息] [模块] 执行模块初始化完成函数
2020-06-19 14:10:01,745 [信息] [服务器] 正在初始化请求资源
2020-06-19 14:10:01,745 [信息] [服务器] 正在初始化请求资源
2020-06-19 14:10:01,745 [信息] [服务器] 正在绑定地址端口
2020-06-19 14:10:01,745 [信息] [服务器] 正在绑定地址端口
2020-06-19 14:10:01,745 [信息] [服务器] 绑定地址端口失败
2020-06-19 14:10:01,745 [信息] [服务器] 开始监听端口内容
2020-06-19 14:10:01,745 [错误] [服务器] 启动失败！无法绑定到端口：80
2020-06-19 14:10:01,746 [信息] [服务器] 开始接收用户连接
2020-06-19 14:10:01,746 [信息] [服务器] 服务器启动成功(企业版可通过【E2EE控制中心】配置线程数)
2020-06-19 14:10:01,746 [信息]     [连接数] 20
2020-06-19 14:10:01,746 [信息]     [模板数] 40
2020-06-19 14:10:01,746 [信息]     [线程数] 2
2020-06-19 14:22:10,528 [信息] 
2020-06-19 14:22:10,528 [信息] 
2020-06-19 14:22:10,528 [信息] 
2020-06-19 14:22:10,528 [信息] 
2020-06-19 14:22:10,528 [信息] ===============================================================
2020-06-19 14:22:10,528 [信息] =  [E2EE免费版] 2.7.1.1 
2020-06-19 14:22:10,528 [信息] =    绑定IP: *
2020-06-19 14:22:10,528 [信息] =    绑定端口: 80
2020-06-19 14:22:10,528 [信息] ===============================================================
2020-06-19 14:22:10,529 [信息] [服务器] 初始化
2020-06-19 14:22:10,529 [信息] [Session系统] 正在初始化Session系统
2020-06-19 14:22:10,529 [信息] [Session系统] 初始化内存文件存储系统：[内存最大尺寸] 64 MB
2020-06-19 14:22:10,529 [信息] [Session系统] Session系统初始化完成
2020-06-19 14:22:10,529 [信息] [网站防火墙] 未开启防火墙
2020-06-19 14:22:10,529 [信息] [验证器] 无默认验证器配置文件
2020-06-19 14:22:10,529 [信息] [模板] 初始化模板引擎
2020-06-19 14:22:10,529 [信息] [模板] 扫描加载模板目录
2020-06-19 14:22:10,547 [信息] [模板] 加载状态模板
2020-06-19 14:22:10,548 [信息] [模板] [状态模板] 加载状态模板[300][内置]: [模板目录]/300.esp
2020-06-19 14:22:10,548 [信息] [模板] [状态模板] 加载状态模板[301][内置]: [模板目录]/301.esp
2020-06-19 14:22:10,548 [信息] [模板] [状态模板] 加载状态模板[302][内置]: [模板目录]/302.esp
2020-06-19 14:22:10,548 [信息] [模板] [状态模板] 加载状态模板[304][内置]: [模板目录]/304.esp
2020-06-19 14:22:10,549 [信息] [模板] [状态模板] 加载状态模板[400][内置]: [模板目录]/400.esp
2020-06-19 14:22:10,549 [信息] [模板] [状态模板] 加载状态模板[401][内置]: [模板目录]/401.esp
2020-06-19 14:22:10,549 [信息] [模板] [状态模板] 加载状态模板[403][内置]: [模板目录]/403.esp
2020-06-19 14:22:10,550 [信息] [模板] [状态模板] 加载状态模板[404][内置]: [模板目录]/404.html
2020-06-19 14:22:10,550 [信息] [模板] [状态模板] 加载状态模板[405][内置]: [模板目录]/405.esp
2020-06-19 14:22:10,550 [信息] [模板] [状态模板] 加载状态模板[406][内置]: [模板目录]/406.esp
2020-06-19 14:22:10,551 [信息] [模板] [状态模板] 加载状态模板[407][内置]: [模板目录]/407.esp
2020-06-19 14:22:10,551 [信息] [模板] [状态模板] 加载状态模板[408][内置]: [模板目录]/408.esp
2020-06-19 14:22:10,551 [信息] [模板] [状态模板] 加载状态模板[409][内置]: [模板目录]/409.esp
2020-06-19 14:22:10,551 [信息] [模板] [状态模板] 加载状态模板[410][内置]: [模板目录]/410.esp
2020-06-19 14:22:10,552 [信息] [模板] [状态模板] 加载状态模板[411][内置]: [模板目录]/411.esp
2020-06-19 14:22:10,552 [信息] [模板] [状态模板] 加载状态模板[412][内置]: [模板目录]/412.esp
2020-06-19 14:22:10,552 [信息] [模板] [状态模板] 加载状态模板[413][内置]: [模板目录]/413.esp
2020-06-19 14:22:10,552 [信息] [模板] [状态模板] 加载状态模板[414][内置]: [模板目录]/414.esp
2020-06-19 14:22:10,553 [信息] [模板] [状态模板] 加载状态模板[415][内置]: [模板目录]/415.esp
2020-06-19 14:22:10,553 [信息] [模板] [状态模板] 加载状态模板[416][内置]: [模板目录]/416.esp
2020-06-19 14:22:10,553 [信息] [模板] [状态模板] 加载状态模板[417][内置]: [模板目录]/417.esp
2020-06-19 14:22:10,553 [信息] [模板] [状态模板] 加载状态模板[500][内置]: [模板目录]/500.esp
2020-06-19 14:22:10,554 [信息] [模板] [状态模板] 加载状态模板[501][内置]: [模板目录]/501.esp
2020-06-19 14:22:10,554 [信息] [模板] [状态模板] 加载状态模板[502][内置]: [模板目录]/502.esp
2020-06-19 14:22:10,554 [信息] [模板] [状态模板] 加载状态模板[503][内置]: [模板目录]/503.esp
2020-06-19 14:22:10,555 [信息] [模板] [状态模板] 加载状态模板[504][内置]: [模板目录]/504.esp
2020-06-19 14:22:10,555 [信息] [模板] [状态模板] 加载状态模板[505][内置]: [模板目录]/505.esp
2020-06-19 14:22:10,555 [信息] [模板] 模板引擎初始化完毕
2020-06-19 14:22:10,555 [信息] [动态模块] 开始加载动态模块
2020-06-19 14:22:10,555 [信息] [动态模块] 完成加载(无配置文件 - [模块]/模块映射.json)
2020-06-19 14:22:10,555 [信息] [模块] 开始加载下级模块
2020-06-19 14:22:10,555 [信息] [模块] 完成下级模块加载
2020-06-19 14:22:10,555 [信息] [远程服务] 开始初始化
2020-06-19 14:22:10,556 [信息] [远程服务] 初始化完成
2020-06-19 14:22:10,556 [信息] [WebService] 未启用
2020-06-19 14:22:10,556 [信息] [模板函数] 同步模板函数
2020-06-19 14:22:10,556 [信息] [模板函数] 函数同步完成
2020-06-19 14:22:10,556 [信息] [模块] 开始加载视图
2020-06-19 14:22:10,556 [信息] [视图] /post
2020-06-19 14:22:10,556 [信息] [模块] 完成视图加载
2020-06-19 14:22:10,556 [信息] [缓存] 加载动态模板页缓存
2020-06-19 14:22:10,556 [信息] [缓存] 无动态模板页缓存设置
2020-06-19 14:22:10,557 [信息] [缓存] [动态缓存] 读取缓存配置成功
2020-06-19 14:22:10,557 [信息] [缓存] 加载服务器静态缓存设置 [时间] 3秒 [尺寸]131072
2020-06-19 14:22:10,557 [信息] [缓存] 静态缓存初始化成功
2020-06-19 14:22:10,557 [信息] [缓存] 加载服务器缓存动态设置
2020-06-19 14:22:10,557 [信息] [模块] 执行模块初始化函数
2020-06-19 14:22:10,557 [信息] [模块] 执行模块初始化完成函数
2020-06-19 14:22:10,557 [信息] [服务器] 正在初始化请求资源
2020-06-19 14:22:10,557 [信息] [服务器] 正在绑定地址端口
2020-06-19 14:22:10,558 [信息] [服务器] 开始监听端口内容
2020-06-19 14:22:10,558 [信息] [服务器] 开始接收用户连接
2020-06-19 14:22:10,558 [信息] [服务器] 服务器启动成功(企业版可通过【E2EE控制中心】配置线程数)
2020-06-19 14:22:10,558 [信息]     [连接数] 20
2020-06-19 14:22:10,559 [信息]     [模板数] 40
2020-06-19 14:22:10,559 [信息]     [线程数] 2
2020-06-20 10:46:05,393 [信息] 
2020-06-20 10:46:05,394 [信息] 
2020-06-20 10:46:05,394 [信息] 
2020-06-20 10:46:05,394 [信息] 
2020-06-20 10:46:05,394 [信息] 
2020-06-20 10:46:05,394 [信息] 
2020-06-20 10:46:05,394 [信息] 
2020-06-20 10:46:05,394 [信息] ===============================================================
2020-06-20 10:46:05,394 [信息] ===============================================================
2020-06-20 10:46:05,394 [信息] =  [E2EE免费版] 2.7.1.1 
2020-06-20 10:46:05,394 [信息] =  [E2EE免费版] 2.7.1.1 
2020-06-20 10:46:05,394 [信息] =    绑定IP: *
2020-06-20 10:46:05,394 [信息] =    绑定IP: *
2020-06-20 10:46:05,394 [信息] =    绑定端口: 80
2020-06-20 10:46:05,394 [信息] =    绑定端口: 80
2020-06-20 10:46:05,395 [信息] ===============================================================
2020-06-20 10:46:05,395 [信息] [服务器] 初始化
2020-06-20 10:46:05,395 [信息] [服务器] 初始化
2020-06-20 10:46:05,395 [信息] [Session系统] 正在初始化Session系统
2020-06-20 10:46:05,395 [信息] [Session系统] 正在初始化Session系统
2020-06-20 10:46:05,395 [信息] [Session系统] 初始化内存文件存储系统：[内存最大尺寸] 64 MB
2020-06-20 10:46:05,395 [信息] [Session系统] 初始化内存文件存储系统：[内存最大尺寸] 64 MB
2020-06-20 10:46:05,395 [信息] [Session系统] Session系统初始化完成
2020-06-20 10:46:05,395 [信息] [Session系统] Session系统初始化完成
2020-06-20 10:46:05,395 [信息] [网站防火墙] 未开启防火墙
2020-06-20 10:46:05,395 [信息] [网站防火墙] 未开启防火墙
2020-06-20 10:46:05,395 [信息] [验证器] 无默认验证器配置文件
2020-06-20 10:46:05,395 [信息] [验证器] 无默认验证器配置文件
2020-06-20 10:46:05,395 [信息] [模板] 初始化模板引擎
2020-06-20 10:46:05,395 [信息] [模板] 初始化模板引擎
2020-06-20 10:46:05,395 [信息] [模板] 扫描加载模板目录
2020-06-20 10:46:05,395 [信息] [模板] 扫描加载模板目录
2020-06-20 10:46:05,426 [信息] [模板] 加载状态模板
2020-06-20 10:46:05,426 [信息] [模板] 加载状态模板
2020-06-20 10:46:05,427 [信息] [模板] [状态模板] 加载状态模板[300][内置]: [模板目录]/300.esp
2020-06-20 10:46:05,427 [信息] [模板] [状态模板] 加载状态模板[300][内置]: [模板目录]/300.esp
2020-06-20 10:46:05,428 [信息] [模板] [状态模板] 加载状态模板[301][内置]: [模板目录]/301.esp
2020-06-20 10:46:05,428 [信息] [模板] [状态模板] 加载状态模板[301][内置]: [模板目录]/301.esp
2020-06-20 10:46:05,428 [信息] [模板] [状态模板] 加载状态模板[302][内置]: [模板目录]/302.esp
2020-06-20 10:46:05,428 [信息] [模板] [状态模板] 加载状态模板[302][内置]: [模板目录]/302.esp
2020-06-20 10:46:05,428 [信息] [模板] [状态模板] 加载状态模板[304][内置]: [模板目录]/304.esp
2020-06-20 10:46:05,428 [信息] [模板] [状态模板] 加载状态模板[304][内置]: [模板目录]/304.esp
2020-06-20 10:46:05,428 [信息] [模板] [状态模板] 加载状态模板[400][内置]: [模板目录]/400.esp
2020-06-20 10:46:05,428 [信息] [模板] [状态模板] 加载状态模板[400][内置]: [模板目录]/400.esp
2020-06-20 10:46:05,429 [信息] [模板] [状态模板] 加载状态模板[401][内置]: [模板目录]/401.esp
2020-06-20 10:46:05,429 [信息] [模板] [状态模板] 加载状态模板[401][内置]: [模板目录]/401.esp
2020-06-20 10:46:05,429 [信息] [模板] [状态模板] 加载状态模板[403][内置]: [模板目录]/403.esp
2020-06-20 10:46:05,429 [信息] [模板] [状态模板] 加载状态模板[403][内置]: [模板目录]/403.esp
2020-06-20 10:46:05,429 [信息] [模板] [状态模板] 加载状态模板[404][内置]: [模板目录]/404.html
2020-06-20 10:46:05,429 [信息] [模板] [状态模板] 加载状态模板[404][内置]: [模板目录]/404.html
2020-06-20 10:46:05,430 [信息] [模板] [状态模板] 加载状态模板[405][内置]: [模板目录]/405.esp
2020-06-20 10:46:05,430 [信息] [模板] [状态模板] 加载状态模板[405][内置]: [模板目录]/405.esp
2020-06-20 10:46:05,430 [信息] [模板] [状态模板] 加载状态模板[406][内置]: [模板目录]/406.esp
2020-06-20 10:46:05,430 [信息] [模板] [状态模板] 加载状态模板[406][内置]: [模板目录]/406.esp
2020-06-20 10:46:05,430 [信息] [模板] [状态模板] 加载状态模板[407][内置]: [模板目录]/407.esp
2020-06-20 10:46:05,430 [信息] [模板] [状态模板] 加载状态模板[407][内置]: [模板目录]/407.esp
2020-06-20 10:46:05,430 [信息] [模板] [状态模板] 加载状态模板[408][内置]: [模板目录]/408.esp
2020-06-20 10:46:05,431 [信息] [模板] [状态模板] 加载状态模板[408][内置]: [模板目录]/408.esp
2020-06-20 10:46:05,431 [信息] [模板] [状态模板] 加载状态模板[409][内置]: [模板目录]/409.esp
2020-06-20 10:46:05,431 [信息] [模板] [状态模板] 加载状态模板[409][内置]: [模板目录]/409.esp
2020-06-20 10:46:05,431 [信息] [模板] [状态模板] 加载状态模板[410][内置]: [模板目录]/410.esp
2020-06-20 10:46:05,431 [信息] [模板] [状态模板] 加载状态模板[410][内置]: [模板目录]/410.esp
2020-06-20 10:46:05,431 [信息] [模板] [状态模板] 加载状态模板[411][内置]: [模板目录]/411.esp
2020-06-20 10:46:05,431 [信息] [模板] [状态模板] 加载状态模板[411][内置]: [模板目录]/411.esp
2020-06-20 10:46:05,432 [信息] [模板] [状态模板] 加载状态模板[412][内置]: [模板目录]/412.esp
2020-06-20 10:46:05,432 [信息] [模板] [状态模板] 加载状态模板[412][内置]: [模板目录]/412.esp
2020-06-20 10:46:05,432 [信息] [模板] [状态模板] 加载状态模板[413][内置]: [模板目录]/413.esp
2020-06-20 10:46:05,432 [信息] [模板] [状态模板] 加载状态模板[413][内置]: [模板目录]/413.esp
2020-06-20 10:46:05,432 [信息] [模板] [状态模板] 加载状态模板[414][内置]: [模板目录]/414.esp
2020-06-20 10:46:05,432 [信息] [模板] [状态模板] 加载状态模板[414][内置]: [模板目录]/414.esp
2020-06-20 10:46:05,433 [信息] [模板] [状态模板] 加载状态模板[415][内置]: [模板目录]/415.esp
2020-06-20 10:46:05,433 [信息] [模板] [状态模板] 加载状态模板[415][内置]: [模板目录]/415.esp
2020-06-20 10:46:05,433 [信息] [模板] [状态模板] 加载状态模板[416][内置]: [模板目录]/416.esp
2020-06-20 10:46:05,433 [信息] [模板] [状态模板] 加载状态模板[417][内置]: [模板目录]/417.esp
2020-06-20 10:46:05,433 [信息] [模板] [状态模板] 加载状态模板[417][内置]: [模板目录]/417.esp
2020-06-20 10:46:05,433 [信息] [模板] [状态模板] 加载状态模板[500][内置]: [模板目录]/500.esp
2020-06-20 10:46:05,434 [信息] [模板] [状态模板] 加载状态模板[500][内置]: [模板目录]/500.esp
2020-06-20 10:46:05,434 [信息] [模板] [状态模板] 加载状态模板[501][内置]: [模板目录]/501.esp
2020-06-20 10:46:05,434 [信息] [模板] [状态模板] 加载状态模板[501][内置]: [模板目录]/501.esp
2020-06-20 10:46:05,434 [信息] [模板] [状态模板] 加载状态模板[502][内置]: [模板目录]/502.esp
2020-06-20 10:46:05,434 [信息] [模板] [状态模板] 加载状态模板[502][内置]: [模板目录]/502.esp
2020-06-20 10:46:05,434 [信息] [模板] [状态模板] 加载状态模板[503][内置]: [模板目录]/503.esp
2020-06-20 10:46:05,434 [信息] [模板] [状态模板] 加载状态模板[503][内置]: [模板目录]/503.esp
2020-06-20 10:46:05,435 [信息] [模板] [状态模板] 加载状态模板[504][内置]: [模板目录]/504.esp
2020-06-20 10:46:05,435 [信息] [模板] [状态模板] 加载状态模板[504][内置]: [模板目录]/504.esp
2020-06-20 10:46:05,435 [信息] [模板] [状态模板] 加载状态模板[505][内置]: [模板目录]/505.esp
2020-06-20 10:46:05,435 [信息] [模板] 模板引擎初始化完毕
０[505][内置]: [模板目录]/505.esp
2020-06-20 10:46:05,435 [信息] [动态模块] 开始加载动态模块
2020-06-20 10:46:05,435 [信息] [动态模块] 完成加载(无配置文件 - [模块]/模块映射.json)
2020-06-20 10:46:05,435 [信息] [模块] 开始加载下级模块
2020-06-20 10:46:05,435 [信息] [模板] 模板引擎初始化完毕
2020-06-20 10:46:05,435 [信息] [模块] 完成下级模块加载
2020-06-20 10:46:05,435 [信息] [动态模块] 开始加载动态模块
2020-06-20 10:46:05,436 [信息] [远程服务] 开始初始化
2020-06-20 10:46:05,436 [信息] [动态模块] 完成加载(无配置文件 - [模块]/模块映射.json)
2020-06-20 10:46:05,436 [信息] [远程服务] 初始化完成
2020-06-20 10:46:05,436 [信息] [模块] 开始加载下级模块
2020-06-20 10:46:05,436 [信息] [WebService] 未启用
2020-06-20 10:46:05,436 [信息] [模块] 完成下级模块加载
2020-06-20 10:46:05,436 [信息] [模板函数] 同步模板函数
2020-06-20 10:46:05,436 [信息] [远程服务] 开始初始化
2020-06-20 10:46:05,436 [信息] [模板函数] 函数同步完成
2020-06-20 10:46:05,436 [信息] [模块] 开始加载视图
2020-06-20 10:46:05,436 [信息] [远程服务] 初始化完成
2020-06-20 10:46:05,436 [信息] [视图] /post
2020-06-20 10:46:05,436 [信息] [WebService] 未启用
2020-06-20 10:46:05,436 [信息] [模块] 完成视图加载
2020-06-20 10:46:05,436 [信息] [模板函数] 同步模板函数
2020-06-20 10:46:05,436 [信息] [模板函数] 函数同步完成
2020-06-20 10:46:05,436 [信息] [缓存] 加载动态模板页缓存
2020-06-20 10:46:05,436 [信息] [模块] 开始加载视图
2020-06-20 10:46:05,436 [信息] [缓存] 无动态模板页缓存设置
2020-06-20 10:46:05,436 [信息] [视图] /post
2020-06-20 10:46:05,436 [信息] [模块] 完成视图加载
2020-06-20 10:46:05,437 [信息] [缓存] 加载动态模板页缓存
2020-06-20 10:46:05,437 [信息] [缓存] 无动态模板页缓存设置
2020-06-20 10:46:05,438 [信息] [缓存] [动态缓存] 读取缓存配置成功
2020-06-20 10:46:05,438 [信息] [缓存] [动态缓存] 读取缓存配置成功
2020-06-20 10:46:05,439 [信息] [缓存] 加载服务器静态缓存设置 [时间] 3秒 [尺寸]131072
2020-06-20 10:46:05,439 [信息] [缓存] 加载服务器静态缓存设置 [时间] 3秒 [尺寸]131072
2020-06-20 10:46:05,439 [信息] [缓存] 静态缓存初始化成功
2020-06-20 10:46:05,439 [信息] [缓存] 静态缓存初始化成功
2020-06-20 10:46:05,439 [信息] [缓存] 加载服务器缓存动态设置
2020-06-20 10:46:05,439 [信息] [缓存] 加载服务器缓存动态设置
2020-06-20 10:46:05,439 [信息] [模块] 执行模块初始化函数
2020-06-20 10:46:05,439 [信息] [模块] 执行模块初始化函数
2020-06-20 10:46:05,439 [信息] [模块] 执行模块初始化完成函数
2020-06-20 10:46:05,439 [信息] [模块] 执行模块初始化完成函数
2020-06-20 10:46:05,439 [信息] [服务器] 正在初始化请求资源
2020-06-20 10:46:05,439 [信息] [服务器] 正在初始化请求资源
2020-06-20 10:46:05,439 [信息] [服务器] 正在绑定地址端口
2020-06-20 10:46:05,439 [信息] [服务器] 正在绑定地址端口
2020-06-20 10:46:05,440 [信息] [服务器] 绑定地址端口失败
2020-06-20 10:46:05,440 [信息] [服务器] 开始监听端口内容
2020-06-20 10:46:05,440 [错误] [服务器] 启动失败！无法绑定到端口：80
2020-06-20 10:46:05,440 [信息] [服务器] 开始接收用户连接
2020-06-20 10:46:05,441 [信息] [服务器] 服务器启动成功(企业版可通过【E2EE控制中心】配置线程数)
2020-06-20 10:46:05,441 [信息]     [连接数] 20
2020-06-20 10:46:05,441 [信息]     [模板数] 40
2020-06-20 10:46:05,441 [信息]     [线程数] 2
